/usr/bin/xmllint --noout src/model/XMLModelFile.xml --schema ../../FLAMEGPU/schemas/XMMLGPU.xsd && (touch ./build/linux-x64/Release/.last_valid_at)
/usr/bin/xsltproc ../../FLAMEGPU/templates/io.xslt src/model/XMLModelFile.xml > src/dynamic/io.cu
/usr/bin/xsltproc ../../FLAMEGPU/templates/header.xslt src/model/XMLModelFile.xml > src/dynamic/header.h
nvcc -I ../../include -I src/model -I src/dynamic -I src/visualisation  -m64 -lineinfo -std=c++11  -Xcompiler -Wall -gencode arch=compute_30,code=sm_30 -gencode arch=compute_35,code=sm_35 -gencode arch=compute_37,code=sm_37 -gencode arch=compute_50,code=sm_50 -gencode arch=compute_60,code=sm_60 -gencode arch=compute_70,code=sm_70 -gencode arch=compute_70,code=compute_70 -o build/linux-x64/Release/io.cu.o -c src/dynamic/io.cu
/usr/bin/xsltproc ../../FLAMEGPU/templates/simulation.xslt src/model/XMLModelFile.xml > src/dynamic/simulation.cu
/usr/bin/xsltproc ../../FLAMEGPU/templates/FLAMEGPU_kernals.xslt src/model/XMLModelFile.xml > src/dynamic/FLAMEGPU_kernals.cu
nvcc -I ../../include -I src/model -I src/dynamic -I src/visualisation  -m64 -lineinfo -std=c++11  -Xcompiler -Wall -gencode arch=compute_30,code=sm_30 -gencode arch=compute_35,code=sm_35 -gencode arch=compute_37,code=sm_37 -gencode arch=compute_50,code=sm_50 -gencode arch=compute_60,code=sm_60 -gencode arch=compute_70,code=sm_70 -gencode arch=compute_70,code=compute_70 -o build/linux-x64/Release/simulation.cu.o -c src/dynamic/simulation.cu
/usr/bin/xsltproc ../../FLAMEGPU/templates/main.xslt src/model/XMLModelFile.xml > src/dynamic/main.cu
nvcc -I ../../include -I src/model -I src/dynamic -I src/visualisation  -m64 -lineinfo -std=c++11  -Xcompiler -Wall -gencode arch=compute_30,code=sm_30 -gencode arch=compute_35,code=sm_35 -gencode arch=compute_37,code=sm_37 -gencode arch=compute_50,code=sm_50 -gencode arch=compute_60,code=sm_60 -gencode arch=compute_70,code=sm_70 -gencode arch=compute_70,code=compute_70 -o build/linux-x64/Release/main_console.cu.o -c src/dynamic/main.cu
nvcc   -m64 -lineinfo -std=c++11  -Xcompiler -Wall  -L../../lib/ -Xlinker --enable-new-dtags,-rpath,"\$ORIGIN/../../../lib/",-rpath,"\$ORIGIN" -gencode arch=compute_30,code=sm_30 -gencode arch=compute_35,code=sm_35 -gencode arch=compute_37,code=sm_37 -gencode arch=compute_50,code=sm_50 -gencode arch=compute_60,code=sm_60 -gencode arch=compute_70,code=sm_70 -gencode arch=compute_70,code=compute_70 -o ../../bin/linux-x64/Release_Console/GameOfLife build/linux-x64/Release/io.cu.o build/linux-x64/Release/simulation.cu.o build/linux-x64/Release/main_console.cu.o
FLAMEGPU Console mode
Initial states: /home/vincentl/1.5.0/examples/GameOfLife1/iterations/0.xml
Output dir: /home/vincentl/1.5.0/examples/GameOfLife1/iterations/
GPU 0: Tesla V100-SXM2-16GB, SM70, Linux, pciBusId 26
64Bit System Detected
Allocating Host and Device memory
Processing Simulation Step 1
Processing Simulation Step 2
Processing Simulation Step 3
Processing Simulation Step 4
Processing Simulation Step 5
Processing Simulation Step 6
Processing Simulation Step 7
Processing Simulation Step 8
Processing Simulation Step 9
Processing Simulation Step 10
Processing Simulation Step 11
Processing Simulation Step 12
Processing Simulation Step 13
Processing Simulation Step 14
Processing Simulation Step 15
Processing Simulation Step 16
Processing Simulation Step 17
Processing Simulation Step 18
Processing Simulation Step 19
Processing Simulation Step 20
Processing Simulation Step 21
Processing Simulation Step 22
Processing Simulation Step 23
Processing Simulation Step 24
Processing Simulation Step 25
Processing Simulation Step 26
Processing Simulation Step 27
Processing Simulation Step 28
Processing Simulation Step 29
Processing Simulation Step 30
Processing Simulation Step 31
Processing Simulation Step 32
Processing Simulation Step 33
Processing Simulation Step 34
Processing Simulation Step 35
Processing Simulation Step 36
Processing Simulation Step 37
Processing Simulation Step 38
Processing Simulation Step 39
Processing Simulation Step 40
Processing Simulation Step 41
Processing Simulation Step 42
Processing Simulation Step 43
Processing Simulation Step 44
Processing Simulation Step 45
Processing Simulation Step 46
Processing Simulation Step 47
Processing Simulation Step 48
Processing Simulation Step 49
Processing Simulation Step 50
Processing Simulation Step 51
Processing Simulation Step 52
Processing Simulation Step 53
Processing Simulation Step 54
Processing Simulation Step 55
Processing Simulation Step 56
Processing Simulation Step 57
Processing Simulation Step 58
Processing Simulation Step 59
Processing Simulation Step 60
Processing Simulation Step 61
Processing Simulation Step 62
Processing Simulation Step 63
Processing Simulation Step 64
Processing Simulation Step 65
Processing Simulation Step 66
Processing Simulation Step 67
Processing Simulation Step 68
Processing Simulation Step 69
Processing Simulation Step 70
Processing Simulation Step 71
Processing Simulation Step 72
Processing Simulation Step 73
Processing Simulation Step 74
Processing Simulation Step 75
Processing Simulation Step 76
Processing Simulation Step 77
Processing Simulation Step 78
Processing Simulation Step 79
Processing Simulation Step 80
Processing Simulation Step 81
Processing Simulation Step 82
Processing Simulation Step 83
Processing Simulation Step 84
Processing Simulation Step 85
Processing Simulation Step 86
Processing Simulation Step 87
Processing Simulation Step 88
Processing Simulation Step 89
Processing Simulation Step 90
Processing Simulation Step 91
Processing Simulation Step 92
Processing Simulation Step 93
Processing Simulation Step 94
Processing Simulation Step 95
Processing Simulation Step 96
Processing Simulation Step 97
Processing Simulation Step 98
Processing Simulation Step 99
Processing Simulation Step 100
Total Processing time: 10.467776 (ms)
FLAMEGPU Console mode
Initial states: /home/vincentl/1.5.0/examples/GameOfLife1/iterations/0.xml
Output dir: /home/vincentl/1.5.0/examples/GameOfLife1/iterations/
GPU 0: Tesla V100-SXM2-16GB, SM70, Linux, pciBusId 26
64Bit System Detected
Allocating Host and Device memory
Processing Simulation Step 1
Processing Simulation Step 2
Processing Simulation Step 3
Processing Simulation Step 4
Processing Simulation Step 5
Processing Simulation Step 6
Processing Simulation Step 7
Processing Simulation Step 8
Processing Simulation Step 9
Processing Simulation Step 10
Processing Simulation Step 11
Processing Simulation Step 12
Processing Simulation Step 13
Processing Simulation Step 14
Processing Simulation Step 15
Processing Simulation Step 16
Processing Simulation Step 17
Processing Simulation Step 18
Processing Simulation Step 19
Processing Simulation Step 20
Processing Simulation Step 21
Processing Simulation Step 22
Processing Simulation Step 23
Processing Simulation Step 24
Processing Simulation Step 25
Processing Simulation Step 26
Processing Simulation Step 27
Processing Simulation Step 28
Processing Simulation Step 29
Processing Simulation Step 30
Processing Simulation Step 31
Processing Simulation Step 32
Processing Simulation Step 33
Processing Simulation Step 34
Processing Simulation Step 35
Processing Simulation Step 36
Processing Simulation Step 37
Processing Simulation Step 38
Processing Simulation Step 39
Processing Simulation Step 40
Processing Simulation Step 41
Processing Simulation Step 42
Processing Simulation Step 43
Processing Simulation Step 44
Processing Simulation Step 45
Processing Simulation Step 46
Processing Simulation Step 47
Processing Simulation Step 48
Processing Simulation Step 49
Processing Simulation Step 50
Processing Simulation Step 51
Processing Simulation Step 52
Processing Simulation Step 53
Processing Simulation Step 54
Processing Simulation Step 55
Processing Simulation Step 56
Processing Simulation Step 57
Processing Simulation Step 58
Processing Simulation Step 59
Processing Simulation Step 60
Processing Simulation Step 61
Processing Simulation Step 62
Processing Simulation Step 63
Processing Simulation Step 64
Processing Simulation Step 65
Processing Simulation Step 66
Processing Simulation Step 67
Processing Simulation Step 68
Processing Simulation Step 69
Processing Simulation Step 70
Processing Simulation Step 71
Processing Simulation Step 72
Processing Simulation Step 73
Processing Simulation Step 74
Processing Simulation Step 75
Processing Simulation Step 76
Processing Simulation Step 77
Processing Simulation Step 78
Processing Simulation Step 79
Processing Simulation Step 80
Processing Simulation Step 81
Processing Simulation Step 82
Processing Simulation Step 83
Processing Simulation Step 84
Processing Simulation Step 85
Processing Simulation Step 86
Processing Simulation Step 87
Processing Simulation Step 88
Processing Simulation Step 89
Processing Simulation Step 90
Processing Simulation Step 91
Processing Simulation Step 92
Processing Simulation Step 93
Processing Simulation Step 94
Processing Simulation Step 95
Processing Simulation Step 96
Processing Simulation Step 97
Processing Simulation Step 98
Processing Simulation Step 99
Processing Simulation Step 100
Total Processing time: 10.338176 (ms)
FLAMEGPU Console mode
Initial states: /home/vincentl/1.5.0/examples/GameOfLife1/iterations/0.xml
Output dir: /home/vincentl/1.5.0/examples/GameOfLife1/iterations/
GPU 0: Tesla V100-SXM2-16GB, SM70, Linux, pciBusId 26
64Bit System Detected
Allocating Host and Device memory
Processing Simulation Step 1
Processing Simulation Step 2
Processing Simulation Step 3
Processing Simulation Step 4
Processing Simulation Step 5
Processing Simulation Step 6
Processing Simulation Step 7
Processing Simulation Step 8
Processing Simulation Step 9
Processing Simulation Step 10
Processing Simulation Step 11
Processing Simulation Step 12
Processing Simulation Step 13
Processing Simulation Step 14
Processing Simulation Step 15
Processing Simulation Step 16
Processing Simulation Step 17
Processing Simulation Step 18
Processing Simulation Step 19
Processing Simulation Step 20
Processing Simulation Step 21
Processing Simulation Step 22
Processing Simulation Step 23
Processing Simulation Step 24
Processing Simulation Step 25
Processing Simulation Step 26
Processing Simulation Step 27
Processing Simulation Step 28
Processing Simulation Step 29
Processing Simulation Step 30
Processing Simulation Step 31
Processing Simulation Step 32
Processing Simulation Step 33
Processing Simulation Step 34
Processing Simulation Step 35
Processing Simulation Step 36
Processing Simulation Step 37
Processing Simulation Step 38
Processing Simulation Step 39
Processing Simulation Step 40
Processing Simulation Step 41
Processing Simulation Step 42
Processing Simulation Step 43
Processing Simulation Step 44
Processing Simulation Step 45
Processing Simulation Step 46
Processing Simulation Step 47
Processing Simulation Step 48
Processing Simulation Step 49
Processing Simulation Step 50
Processing Simulation Step 51
Processing Simulation Step 52
Processing Simulation Step 53
Processing Simulation Step 54
Processing Simulation Step 55
Processing Simulation Step 56
Processing Simulation Step 57
Processing Simulation Step 58
Processing Simulation Step 59
Processing Simulation Step 60
Processing Simulation Step 61
Processing Simulation Step 62
Processing Simulation Step 63
Processing Simulation Step 64
Processing Simulation Step 65
Processing Simulation Step 66
Processing Simulation Step 67
Processing Simulation Step 68
Processing Simulation Step 69
Processing Simulation Step 70
Processing Simulation Step 71
Processing Simulation Step 72
Processing Simulation Step 73
Processing Simulation Step 74
Processing Simulation Step 75
Processing Simulation Step 76
Processing Simulation Step 77
Processing Simulation Step 78
Processing Simulation Step 79
Processing Simulation Step 80
Processing Simulation Step 81
Processing Simulation Step 82
Processing Simulation Step 83
Processing Simulation Step 84
Processing Simulation Step 85
Processing Simulation Step 86
Processing Simulation Step 87
Processing Simulation Step 88
Processing Simulation Step 89
Processing Simulation Step 90
Processing Simulation Step 91
Processing Simulation Step 92
Processing Simulation Step 93
Processing Simulation Step 94
Processing Simulation Step 95
Processing Simulation Step 96
Processing Simulation Step 97
Processing Simulation Step 98
Processing Simulation Step 99
Processing Simulation Step 100
Total Processing time: 10.090816 (ms)
FLAMEGPU Console mode
Initial states: /home/vincentl/1.5.0/examples/GameOfLife1/iterations/0.xml
Output dir: /home/vincentl/1.5.0/examples/GameOfLife1/iterations/
GPU 0: Tesla V100-SXM2-16GB, SM70, Linux, pciBusId 26
64Bit System Detected
Allocating Host and Device memory
Processing Simulation Step 1
Processing Simulation Step 2
Processing Simulation Step 3
Processing Simulation Step 4
Processing Simulation Step 5
Processing Simulation Step 6
Processing Simulation Step 7
Processing Simulation Step 8
Processing Simulation Step 9
Processing Simulation Step 10
Processing Simulation Step 11
Processing Simulation Step 12
Processing Simulation Step 13
Processing Simulation Step 14
Processing Simulation Step 15
Processing Simulation Step 16
Processing Simulation Step 17
Processing Simulation Step 18
Processing Simulation Step 19
Processing Simulation Step 20
Processing Simulation Step 21
Processing Simulation Step 22
Processing Simulation Step 23
Processing Simulation Step 24
Processing Simulation Step 25
Processing Simulation Step 26
Processing Simulation Step 27
Processing Simulation Step 28
Processing Simulation Step 29
Processing Simulation Step 30
Processing Simulation Step 31
Processing Simulation Step 32
Processing Simulation Step 33
Processing Simulation Step 34
Processing Simulation Step 35
Processing Simulation Step 36
Processing Simulation Step 37
Processing Simulation Step 38
Processing Simulation Step 39
Processing Simulation Step 40
Processing Simulation Step 41
Processing Simulation Step 42
Processing Simulation Step 43
Processing Simulation Step 44
Processing Simulation Step 45
Processing Simulation Step 46
Processing Simulation Step 47
Processing Simulation Step 48
Processing Simulation Step 49
Processing Simulation Step 50
Processing Simulation Step 51
Processing Simulation Step 52
Processing Simulation Step 53
Processing Simulation Step 54
Processing Simulation Step 55
Processing Simulation Step 56
Processing Simulation Step 57
Processing Simulation Step 58
Processing Simulation Step 59
Processing Simulation Step 60
Processing Simulation Step 61
Processing Simulation Step 62
Processing Simulation Step 63
Processing Simulation Step 64
Processing Simulation Step 65
Processing Simulation Step 66
Processing Simulation Step 67
Processing Simulation Step 68
Processing Simulation Step 69
Processing Simulation Step 70
Processing Simulation Step 71
Processing Simulation Step 72
Processing Simulation Step 73
Processing Simulation Step 74
Processing Simulation Step 75
Processing Simulation Step 76
Processing Simulation Step 77
Processing Simulation Step 78
Processing Simulation Step 79
Processing Simulation Step 80
Processing Simulation Step 81
Processing Simulation Step 82
Processing Simulation Step 83
Processing Simulation Step 84
Processing Simulation Step 85
Processing Simulation Step 86
Processing Simulation Step 87
Processing Simulation Step 88
Processing Simulation Step 89
Processing Simulation Step 90
Processing Simulation Step 91
Processing Simulation Step 92
Processing Simulation Step 93
Processing Simulation Step 94
Processing Simulation Step 95
Processing Simulation Step 96
Processing Simulation Step 97
Processing Simulation Step 98
Processing Simulation Step 99
Processing Simulation Step 100
Total Processing time: 10.088960 (ms)
FLAMEGPU Console mode
Initial states: /home/vincentl/1.5.0/examples/GameOfLife1/iterations/0.xml
Output dir: /home/vincentl/1.5.0/examples/GameOfLife1/iterations/
GPU 0: Tesla V100-SXM2-16GB, SM70, Linux, pciBusId 26
64Bit System Detected
Allocating Host and Device memory
Processing Simulation Step 1
Processing Simulation Step 2
Processing Simulation Step 3
Processing Simulation Step 4
Processing Simulation Step 5
Processing Simulation Step 6
Processing Simulation Step 7
Processing Simulation Step 8
Processing Simulation Step 9
Processing Simulation Step 10
Processing Simulation Step 11
Processing Simulation Step 12
Processing Simulation Step 13
Processing Simulation Step 14
Processing Simulation Step 15
Processing Simulation Step 16
Processing Simulation Step 17
Processing Simulation Step 18
Processing Simulation Step 19
Processing Simulation Step 20
Processing Simulation Step 21
Processing Simulation Step 22
Processing Simulation Step 23
Processing Simulation Step 24
Processing Simulation Step 25
Processing Simulation Step 26
Processing Simulation Step 27
Processing Simulation Step 28
Processing Simulation Step 29
Processing Simulation Step 30
Processing Simulation Step 31
Processing Simulation Step 32
Processing Simulation Step 33
Processing Simulation Step 34
Processing Simulation Step 35
Processing Simulation Step 36
Processing Simulation Step 37
Processing Simulation Step 38
Processing Simulation Step 39
Processing Simulation Step 40
Processing Simulation Step 41
Processing Simulation Step 42
Processing Simulation Step 43
Processing Simulation Step 44
Processing Simulation Step 45
Processing Simulation Step 46
Processing Simulation Step 47
Processing Simulation Step 48
Processing Simulation Step 49
Processing Simulation Step 50
Processing Simulation Step 51
Processing Simulation Step 52
Processing Simulation Step 53
Processing Simulation Step 54
Processing Simulation Step 55
Processing Simulation Step 56
Processing Simulation Step 57
Processing Simulation Step 58
Processing Simulation Step 59
Processing Simulation Step 60
Processing Simulation Step 61
Processing Simulation Step 62
Processing Simulation Step 63
Processing Simulation Step 64
Processing Simulation Step 65
Processing Simulation Step 66
Processing Simulation Step 67
Processing Simulation Step 68
Processing Simulation Step 69
Processing Simulation Step 70
Processing Simulation Step 71
Processing Simulation Step 72
Processing Simulation Step 73
Processing Simulation Step 74
Processing Simulation Step 75
Processing Simulation Step 76
Processing Simulation Step 77
Processing Simulation Step 78
Processing Simulation Step 79
Processing Simulation Step 80
Processing Simulation Step 81
Processing Simulation Step 82
Processing Simulation Step 83
Processing Simulation Step 84
Processing Simulation Step 85
Processing Simulation Step 86
Processing Simulation Step 87
Processing Simulation Step 88
Processing Simulation Step 89
Processing Simulation Step 90
Processing Simulation Step 91
Processing Simulation Step 92
Processing Simulation Step 93
Processing Simulation Step 94
Processing Simulation Step 95
Processing Simulation Step 96
Processing Simulation Step 97
Processing Simulation Step 98
Processing Simulation Step 99
Processing Simulation Step 100
Total Processing time: 10.084768 (ms)
FLAMEGPU Console mode
Initial states: /home/vincentl/1.5.0/examples/GameOfLife1/iterations/0.xml
Output dir: /home/vincentl/1.5.0/examples/GameOfLife1/iterations/
GPU 0: Tesla V100-SXM2-16GB, SM70, Linux, pciBusId 26
64Bit System Detected
Allocating Host and Device memory
Processing Simulation Step 1
Processing Simulation Step 2
Processing Simulation Step 3
Processing Simulation Step 4
Processing Simulation Step 5
Processing Simulation Step 6
Processing Simulation Step 7
Processing Simulation Step 8
Processing Simulation Step 9
Processing Simulation Step 10
Processing Simulation Step 11
Processing Simulation Step 12
Processing Simulation Step 13
Processing Simulation Step 14
Processing Simulation Step 15
Processing Simulation Step 16
Processing Simulation Step 17
Processing Simulation Step 18
Processing Simulation Step 19
Processing Simulation Step 20
Processing Simulation Step 21
Processing Simulation Step 22
Processing Simulation Step 23
Processing Simulation Step 24
Processing Simulation Step 25
Processing Simulation Step 26
Processing Simulation Step 27
Processing Simulation Step 28
Processing Simulation Step 29
Processing Simulation Step 30
Processing Simulation Step 31
Processing Simulation Step 32
Processing Simulation Step 33
Processing Simulation Step 34
Processing Simulation Step 35
Processing Simulation Step 36
Processing Simulation Step 37
Processing Simulation Step 38
Processing Simulation Step 39
Processing Simulation Step 40
Processing Simulation Step 41
Processing Simulation Step 42
Processing Simulation Step 43
Processing Simulation Step 44
Processing Simulation Step 45
Processing Simulation Step 46
Processing Simulation Step 47
Processing Simulation Step 48
Processing Simulation Step 49
Processing Simulation Step 50
Processing Simulation Step 51
Processing Simulation Step 52
Processing Simulation Step 53
Processing Simulation Step 54
Processing Simulation Step 55
Processing Simulation Step 56
Processing Simulation Step 57
Processing Simulation Step 58
Processing Simulation Step 59
Processing Simulation Step 60
Processing Simulation Step 61
Processing Simulation Step 62
Processing Simulation Step 63
Processing Simulation Step 64
Processing Simulation Step 65
Processing Simulation Step 66
Processing Simulation Step 67
Processing Simulation Step 68
Processing Simulation Step 69
Processing Simulation Step 70
Processing Simulation Step 71
Processing Simulation Step 72
Processing Simulation Step 73
Processing Simulation Step 74
Processing Simulation Step 75
Processing Simulation Step 76
Processing Simulation Step 77
Processing Simulation Step 78
Processing Simulation Step 79
Processing Simulation Step 80
Processing Simulation Step 81
Processing Simulation Step 82
Processing Simulation Step 83
Processing Simulation Step 84
Processing Simulation Step 85
Processing Simulation Step 86
Processing Simulation Step 87
Processing Simulation Step 88
Processing Simulation Step 89
Processing Simulation Step 90
Processing Simulation Step 91
Processing Simulation Step 92
Processing Simulation Step 93
Processing Simulation Step 94
Processing Simulation Step 95
Processing Simulation Step 96
Processing Simulation Step 97
Processing Simulation Step 98
Processing Simulation Step 99
Processing Simulation Step 100
Total Processing time: 10.321632 (ms)
FLAMEGPU Console mode
Initial states: /home/vincentl/1.5.0/examples/GameOfLife1/iterations/0.xml
Output dir: /home/vincentl/1.5.0/examples/GameOfLife1/iterations/
GPU 0: Tesla V100-SXM2-16GB, SM70, Linux, pciBusId 26
64Bit System Detected
Allocating Host and Device memory
Processing Simulation Step 1
Processing Simulation Step 2
Processing Simulation Step 3
Processing Simulation Step 4
Processing Simulation Step 5
Processing Simulation Step 6
Processing Simulation Step 7
Processing Simulation Step 8
Processing Simulation Step 9
Processing Simulation Step 10
Processing Simulation Step 11
Processing Simulation Step 12
Processing Simulation Step 13
Processing Simulation Step 14
Processing Simulation Step 15
Processing Simulation Step 16
Processing Simulation Step 17
Processing Simulation Step 18
Processing Simulation Step 19
Processing Simulation Step 20
Processing Simulation Step 21
Processing Simulation Step 22
Processing Simulation Step 23
Processing Simulation Step 24
Processing Simulation Step 25
Processing Simulation Step 26
Processing Simulation Step 27
Processing Simulation Step 28
Processing Simulation Step 29
Processing Simulation Step 30
Processing Simulation Step 31
Processing Simulation Step 32
Processing Simulation Step 33
Processing Simulation Step 34
Processing Simulation Step 35
Processing Simulation Step 36
Processing Simulation Step 37
Processing Simulation Step 38
Processing Simulation Step 39
Processing Simulation Step 40
Processing Simulation Step 41
Processing Simulation Step 42
Processing Simulation Step 43
Processing Simulation Step 44
Processing Simulation Step 45
Processing Simulation Step 46
Processing Simulation Step 47
Processing Simulation Step 48
Processing Simulation Step 49
Processing Simulation Step 50
Processing Simulation Step 51
Processing Simulation Step 52
Processing Simulation Step 53
Processing Simulation Step 54
Processing Simulation Step 55
Processing Simulation Step 56
Processing Simulation Step 57
Processing Simulation Step 58
Processing Simulation Step 59
Processing Simulation Step 60
Processing Simulation Step 61
Processing Simulation Step 62
Processing Simulation Step 63
Processing Simulation Step 64
Processing Simulation Step 65
Processing Simulation Step 66
Processing Simulation Step 67
Processing Simulation Step 68
Processing Simulation Step 69
Processing Simulation Step 70
Processing Simulation Step 71
Processing Simulation Step 72
Processing Simulation Step 73
Processing Simulation Step 74
Processing Simulation Step 75
Processing Simulation Step 76
Processing Simulation Step 77
Processing Simulation Step 78
Processing Simulation Step 79
Processing Simulation Step 80
Processing Simulation Step 81
Processing Simulation Step 82
Processing Simulation Step 83
Processing Simulation Step 84
Processing Simulation Step 85
Processing Simulation Step 86
Processing Simulation Step 87
Processing Simulation Step 88
Processing Simulation Step 89
Processing Simulation Step 90
Processing Simulation Step 91
Processing Simulation Step 92
Processing Simulation Step 93
Processing Simulation Step 94
Processing Simulation Step 95
Processing Simulation Step 96
Processing Simulation Step 97
Processing Simulation Step 98
Processing Simulation Step 99
Processing Simulation Step 100
Total Processing time: 10.163488 (ms)
FLAMEGPU Console mode
Initial states: /home/vincentl/1.5.0/examples/GameOfLife1/iterations/0.xml
Output dir: /home/vincentl/1.5.0/examples/GameOfLife1/iterations/
GPU 0: Tesla V100-SXM2-16GB, SM70, Linux, pciBusId 26
64Bit System Detected
Allocating Host and Device memory
Processing Simulation Step 1
Processing Simulation Step 2
Processing Simulation Step 3
Processing Simulation Step 4
Processing Simulation Step 5
Processing Simulation Step 6
Processing Simulation Step 7
Processing Simulation Step 8
Processing Simulation Step 9
Processing Simulation Step 10
Processing Simulation Step 11
Processing Simulation Step 12
Processing Simulation Step 13
Processing Simulation Step 14
Processing Simulation Step 15
Processing Simulation Step 16
Processing Simulation Step 17
Processing Simulation Step 18
Processing Simulation Step 19
Processing Simulation Step 20
Processing Simulation Step 21
Processing Simulation Step 22
Processing Simulation Step 23
Processing Simulation Step 24
Processing Simulation Step 25
Processing Simulation Step 26
Processing Simulation Step 27
Processing Simulation Step 28
Processing Simulation Step 29
Processing Simulation Step 30
Processing Simulation Step 31
Processing Simulation Step 32
Processing Simulation Step 33
Processing Simulation Step 34
Processing Simulation Step 35
Processing Simulation Step 36
Processing Simulation Step 37
Processing Simulation Step 38
Processing Simulation Step 39
Processing Simulation Step 40
Processing Simulation Step 41
Processing Simulation Step 42
Processing Simulation Step 43
Processing Simulation Step 44
Processing Simulation Step 45
Processing Simulation Step 46
Processing Simulation Step 47
Processing Simulation Step 48
Processing Simulation Step 49
Processing Simulation Step 50
Processing Simulation Step 51
Processing Simulation Step 52
Processing Simulation Step 53
Processing Simulation Step 54
Processing Simulation Step 55
Processing Simulation Step 56
Processing Simulation Step 57
Processing Simulation Step 58
Processing Simulation Step 59
Processing Simulation Step 60
Processing Simulation Step 61
Processing Simulation Step 62
Processing Simulation Step 63
Processing Simulation Step 64
Processing Simulation Step 65
Processing Simulation Step 66
Processing Simulation Step 67
Processing Simulation Step 68
Processing Simulation Step 69
Processing Simulation Step 70
Processing Simulation Step 71
Processing Simulation Step 72
Processing Simulation Step 73
Processing Simulation Step 74
Processing Simulation Step 75
Processing Simulation Step 76
Processing Simulation Step 77
Processing Simulation Step 78
Processing Simulation Step 79
Processing Simulation Step 80
Processing Simulation Step 81
Processing Simulation Step 82
Processing Simulation Step 83
Processing Simulation Step 84
Processing Simulation Step 85
Processing Simulation Step 86
Processing Simulation Step 87
Processing Simulation Step 88
Processing Simulation Step 89
Processing Simulation Step 90
Processing Simulation Step 91
Processing Simulation Step 92
Processing Simulation Step 93
Processing Simulation Step 94
Processing Simulation Step 95
Processing Simulation Step 96
Processing Simulation Step 97
Processing Simulation Step 98
Processing Simulation Step 99
Processing Simulation Step 100
Total Processing time: 10.065824 (ms)
FLAMEGPU Console mode
Initial states: /home/vincentl/1.5.0/examples/GameOfLife1/iterations/0.xml
Output dir: /home/vincentl/1.5.0/examples/GameOfLife1/iterations/
GPU 0: Tesla V100-SXM2-16GB, SM70, Linux, pciBusId 26
64Bit System Detected
Allocating Host and Device memory
Processing Simulation Step 1
Processing Simulation Step 2
Processing Simulation Step 3
Processing Simulation Step 4
Processing Simulation Step 5
Processing Simulation Step 6
Processing Simulation Step 7
Processing Simulation Step 8
Processing Simulation Step 9
Processing Simulation Step 10
Processing Simulation Step 11
Processing Simulation Step 12
Processing Simulation Step 13
Processing Simulation Step 14
Processing Simulation Step 15
Processing Simulation Step 16
Processing Simulation Step 17
Processing Simulation Step 18
Processing Simulation Step 19
Processing Simulation Step 20
Processing Simulation Step 21
Processing Simulation Step 22
Processing Simulation Step 23
Processing Simulation Step 24
Processing Simulation Step 25
Processing Simulation Step 26
Processing Simulation Step 27
Processing Simulation Step 28
Processing Simulation Step 29
Processing Simulation Step 30
Processing Simulation Step 31
Processing Simulation Step 32
Processing Simulation Step 33
Processing Simulation Step 34
Processing Simulation Step 35
Processing Simulation Step 36
Processing Simulation Step 37
Processing Simulation Step 38
Processing Simulation Step 39
Processing Simulation Step 40
Processing Simulation Step 41
Processing Simulation Step 42
Processing Simulation Step 43
Processing Simulation Step 44
Processing Simulation Step 45
Processing Simulation Step 46
Processing Simulation Step 47
Processing Simulation Step 48
Processing Simulation Step 49
Processing Simulation Step 50
Processing Simulation Step 51
Processing Simulation Step 52
Processing Simulation Step 53
Processing Simulation Step 54
Processing Simulation Step 55
Processing Simulation Step 56
Processing Simulation Step 57
Processing Simulation Step 58
Processing Simulation Step 59
Processing Simulation Step 60
Processing Simulation Step 61
Processing Simulation Step 62
Processing Simulation Step 63
Processing Simulation Step 64
Processing Simulation Step 65
Processing Simulation Step 66
Processing Simulation Step 67
Processing Simulation Step 68
Processing Simulation Step 69
Processing Simulation Step 70
Processing Simulation Step 71
Processing Simulation Step 72
Processing Simulation Step 73
Processing Simulation Step 74
Processing Simulation Step 75
Processing Simulation Step 76
Processing Simulation Step 77
Processing Simulation Step 78
Processing Simulation Step 79
Processing Simulation Step 80
Processing Simulation Step 81
Processing Simulation Step 82
Processing Simulation Step 83
Processing Simulation Step 84
Processing Simulation Step 85
Processing Simulation Step 86
Processing Simulation Step 87
Processing Simulation Step 88
Processing Simulation Step 89
Processing Simulation Step 90
Processing Simulation Step 91
Processing Simulation Step 92
Processing Simulation Step 93
Processing Simulation Step 94
Processing Simulation Step 95
Processing Simulation Step 96
Processing Simulation Step 97
Processing Simulation Step 98
Processing Simulation Step 99
Processing Simulation Step 100
Total Processing time: 10.159392 (ms)
FLAMEGPU Console mode
Initial states: /home/vincentl/1.5.0/examples/GameOfLife1/iterations/0.xml
Output dir: /home/vincentl/1.5.0/examples/GameOfLife1/iterations/
GPU 0: Tesla V100-SXM2-16GB, SM70, Linux, pciBusId 26
64Bit System Detected
Allocating Host and Device memory
Processing Simulation Step 1
Processing Simulation Step 2
Processing Simulation Step 3
Processing Simulation Step 4
Processing Simulation Step 5
Processing Simulation Step 6
Processing Simulation Step 7
Processing Simulation Step 8
Processing Simulation Step 9
Processing Simulation Step 10
Processing Simulation Step 11
Processing Simulation Step 12
Processing Simulation Step 13
Processing Simulation Step 14
Processing Simulation Step 15
Processing Simulation Step 16
Processing Simulation Step 17
Processing Simulation Step 18
Processing Simulation Step 19
Processing Simulation Step 20
Processing Simulation Step 21
Processing Simulation Step 22
Processing Simulation Step 23
Processing Simulation Step 24
Processing Simulation Step 25
Processing Simulation Step 26
Processing Simulation Step 27
Processing Simulation Step 28
Processing Simulation Step 29
Processing Simulation Step 30
Processing Simulation Step 31
Processing Simulation Step 32
Processing Simulation Step 33
Processing Simulation Step 34
Processing Simulation Step 35
Processing Simulation Step 36
Processing Simulation Step 37
Processing Simulation Step 38
Processing Simulation Step 39
Processing Simulation Step 40
Processing Simulation Step 41
Processing Simulation Step 42
Processing Simulation Step 43
Processing Simulation Step 44
Processing Simulation Step 45
Processing Simulation Step 46
Processing Simulation Step 47
Processing Simulation Step 48
Processing Simulation Step 49
Processing Simulation Step 50
Processing Simulation Step 51
Processing Simulation Step 52
Processing Simulation Step 53
Processing Simulation Step 54
Processing Simulation Step 55
Processing Simulation Step 56
Processing Simulation Step 57
Processing Simulation Step 58
Processing Simulation Step 59
Processing Simulation Step 60
Processing Simulation Step 61
Processing Simulation Step 62
Processing Simulation Step 63
Processing Simulation Step 64
Processing Simulation Step 65
Processing Simulation Step 66
Processing Simulation Step 67
Processing Simulation Step 68
Processing Simulation Step 69
Processing Simulation Step 70
Processing Simulation Step 71
Processing Simulation Step 72
Processing Simulation Step 73
Processing Simulation Step 74
Processing Simulation Step 75
Processing Simulation Step 76
Processing Simulation Step 77
Processing Simulation Step 78
Processing Simulation Step 79
Processing Simulation Step 80
Processing Simulation Step 81
Processing Simulation Step 82
Processing Simulation Step 83
Processing Simulation Step 84
Processing Simulation Step 85
Processing Simulation Step 86
Processing Simulation Step 87
Processing Simulation Step 88
Processing Simulation Step 89
Processing Simulation Step 90
Processing Simulation Step 91
Processing Simulation Step 92
Processing Simulation Step 93
Processing Simulation Step 94
Processing Simulation Step 95
Processing Simulation Step 96
Processing Simulation Step 97
Processing Simulation Step 98
Processing Simulation Step 99
Processing Simulation Step 100
Total Processing time: 10.253056 (ms)
FLAMEGPU Console mode
Initial states: /home/vincentl/1.5.0/examples/GameOfLife1/iterations/0.xml
Output dir: /home/vincentl/1.5.0/examples/GameOfLife1/iterations/
GPU 0: Tesla V100-SXM2-16GB, SM70, Linux, pciBusId 26
64Bit System Detected
Allocating Host and Device memory
Processing Simulation Step 1
Processing Simulation Step 2
Processing Simulation Step 3
Processing Simulation Step 4
Processing Simulation Step 5
Processing Simulation Step 6
Processing Simulation Step 7
Processing Simulation Step 8
Processing Simulation Step 9
Processing Simulation Step 10
Processing Simulation Step 11
Processing Simulation Step 12
Processing Simulation Step 13
Processing Simulation Step 14
Processing Simulation Step 15
Processing Simulation Step 16
Processing Simulation Step 17
Processing Simulation Step 18
Processing Simulation Step 19
Processing Simulation Step 20
Processing Simulation Step 21
Processing Simulation Step 22
Processing Simulation Step 23
Processing Simulation Step 24
Processing Simulation Step 25
Processing Simulation Step 26
Processing Simulation Step 27
Processing Simulation Step 28
Processing Simulation Step 29
Processing Simulation Step 30
Processing Simulation Step 31
Processing Simulation Step 32
Processing Simulation Step 33
Processing Simulation Step 34
Processing Simulation Step 35
Processing Simulation Step 36
Processing Simulation Step 37
Processing Simulation Step 38
Processing Simulation Step 39
Processing Simulation Step 40
Processing Simulation Step 41
Processing Simulation Step 42
Processing Simulation Step 43
Processing Simulation Step 44
Processing Simulation Step 45
Processing Simulation Step 46
Processing Simulation Step 47
Processing Simulation Step 48
Processing Simulation Step 49
Processing Simulation Step 50
Processing Simulation Step 51
Processing Simulation Step 52
Processing Simulation Step 53
Processing Simulation Step 54
Processing Simulation Step 55
Processing Simulation Step 56
Processing Simulation Step 57
Processing Simulation Step 58
Processing Simulation Step 59
Processing Simulation Step 60
Processing Simulation Step 61
Processing Simulation Step 62
Processing Simulation Step 63
Processing Simulation Step 64
Processing Simulation Step 65
Processing Simulation Step 66
Processing Simulation Step 67
Processing Simulation Step 68
Processing Simulation Step 69
Processing Simulation Step 70
Processing Simulation Step 71
Processing Simulation Step 72
Processing Simulation Step 73
Processing Simulation Step 74
Processing Simulation Step 75
Processing Simulation Step 76
Processing Simulation Step 77
Processing Simulation Step 78
Processing Simulation Step 79
Processing Simulation Step 80
Processing Simulation Step 81
Processing Simulation Step 82
Processing Simulation Step 83
Processing Simulation Step 84
Processing Simulation Step 85
Processing Simulation Step 86
Processing Simulation Step 87
Processing Simulation Step 88
Processing Simulation Step 89
Processing Simulation Step 90
Processing Simulation Step 91
Processing Simulation Step 92
Processing Simulation Step 93
Processing Simulation Step 94
Processing Simulation Step 95
Processing Simulation Step 96
Processing Simulation Step 97
Processing Simulation Step 98
Processing Simulation Step 99
Processing Simulation Step 100
Total Processing time: 10.083072 (ms)
FLAMEGPU Console mode
Initial states: /home/vincentl/1.5.0/examples/GameOfLife1/iterations/0.xml
Output dir: /home/vincentl/1.5.0/examples/GameOfLife1/iterations/
GPU 0: Tesla V100-SXM2-16GB, SM70, Linux, pciBusId 26
64Bit System Detected
Allocating Host and Device memory
Processing Simulation Step 1
Processing Simulation Step 2
Processing Simulation Step 3
Processing Simulation Step 4
Processing Simulation Step 5
Processing Simulation Step 6
Processing Simulation Step 7
Processing Simulation Step 8
Processing Simulation Step 9
Processing Simulation Step 10
Processing Simulation Step 11
Processing Simulation Step 12
Processing Simulation Step 13
Processing Simulation Step 14
Processing Simulation Step 15
Processing Simulation Step 16
Processing Simulation Step 17
Processing Simulation Step 18
Processing Simulation Step 19
Processing Simulation Step 20
Processing Simulation Step 21
Processing Simulation Step 22
Processing Simulation Step 23
Processing Simulation Step 24
Processing Simulation Step 25
Processing Simulation Step 26
Processing Simulation Step 27
Processing Simulation Step 28
Processing Simulation Step 29
Processing Simulation Step 30
Processing Simulation Step 31
Processing Simulation Step 32
Processing Simulation Step 33
Processing Simulation Step 34
Processing Simulation Step 35
Processing Simulation Step 36
Processing Simulation Step 37
Processing Simulation Step 38
Processing Simulation Step 39
Processing Simulation Step 40
Processing Simulation Step 41
Processing Simulation Step 42
Processing Simulation Step 43
Processing Simulation Step 44
Processing Simulation Step 45
Processing Simulation Step 46
Processing Simulation Step 47
Processing Simulation Step 48
Processing Simulation Step 49
Processing Simulation Step 50
Processing Simulation Step 51
Processing Simulation Step 52
Processing Simulation Step 53
Processing Simulation Step 54
Processing Simulation Step 55
Processing Simulation Step 56
Processing Simulation Step 57
Processing Simulation Step 58
Processing Simulation Step 59
Processing Simulation Step 60
Processing Simulation Step 61
Processing Simulation Step 62
Processing Simulation Step 63
Processing Simulation Step 64
Processing Simulation Step 65
Processing Simulation Step 66
Processing Simulation Step 67
Processing Simulation Step 68
Processing Simulation Step 69
Processing Simulation Step 70
Processing Simulation Step 71
Processing Simulation Step 72
Processing Simulation Step 73
Processing Simulation Step 74
Processing Simulation Step 75
Processing Simulation Step 76
Processing Simulation Step 77
Processing Simulation Step 78
Processing Simulation Step 79
Processing Simulation Step 80
Processing Simulation Step 81
Processing Simulation Step 82
Processing Simulation Step 83
Processing Simulation Step 84
Processing Simulation Step 85
Processing Simulation Step 86
Processing Simulation Step 87
Processing Simulation Step 88
Processing Simulation Step 89
Processing Simulation Step 90
Processing Simulation Step 91
Processing Simulation Step 92
Processing Simulation Step 93
Processing Simulation Step 94
Processing Simulation Step 95
Processing Simulation Step 96
Processing Simulation Step 97
Processing Simulation Step 98
Processing Simulation Step 99
Processing Simulation Step 100
Total Processing time: 10.162080 (ms)
FLAMEGPU Console mode
Initial states: /home/vincentl/1.5.0/examples/GameOfLife1/iterations/0.xml
Output dir: /home/vincentl/1.5.0/examples/GameOfLife1/iterations/
GPU 0: Tesla V100-SXM2-16GB, SM70, Linux, pciBusId 26
64Bit System Detected
Allocating Host and Device memory
Processing Simulation Step 1
Processing Simulation Step 2
Processing Simulation Step 3
Processing Simulation Step 4
Processing Simulation Step 5
Processing Simulation Step 6
Processing Simulation Step 7
Processing Simulation Step 8
Processing Simulation Step 9
Processing Simulation Step 10
Processing Simulation Step 11
Processing Simulation Step 12
Processing Simulation Step 13
Processing Simulation Step 14
Processing Simulation Step 15
Processing Simulation Step 16
Processing Simulation Step 17
Processing Simulation Step 18
Processing Simulation Step 19
Processing Simulation Step 20
Processing Simulation Step 21
Processing Simulation Step 22
Processing Simulation Step 23
Processing Simulation Step 24
Processing Simulation Step 25
Processing Simulation Step 26
Processing Simulation Step 27
Processing Simulation Step 28
Processing Simulation Step 29
Processing Simulation Step 30
Processing Simulation Step 31
Processing Simulation Step 32
Processing Simulation Step 33
Processing Simulation Step 34
Processing Simulation Step 35
Processing Simulation Step 36
Processing Simulation Step 37
Processing Simulation Step 38
Processing Simulation Step 39
Processing Simulation Step 40
Processing Simulation Step 41
Processing Simulation Step 42
Processing Simulation Step 43
Processing Simulation Step 44
Processing Simulation Step 45
Processing Simulation Step 46
Processing Simulation Step 47
Processing Simulation Step 48
Processing Simulation Step 49
Processing Simulation Step 50
Processing Simulation Step 51
Processing Simulation Step 52
Processing Simulation Step 53
Processing Simulation Step 54
Processing Simulation Step 55
Processing Simulation Step 56
Processing Simulation Step 57
Processing Simulation Step 58
Processing Simulation Step 59
Processing Simulation Step 60
Processing Simulation Step 61
Processing Simulation Step 62
Processing Simulation Step 63
Processing Simulation Step 64
Processing Simulation Step 65
Processing Simulation Step 66
Processing Simulation Step 67
Processing Simulation Step 68
Processing Simulation Step 69
Processing Simulation Step 70
Processing Simulation Step 71
Processing Simulation Step 72
Processing Simulation Step 73
Processing Simulation Step 74
Processing Simulation Step 75
Processing Simulation Step 76
Processing Simulation Step 77
Processing Simulation Step 78
Processing Simulation Step 79
Processing Simulation Step 80
Processing Simulation Step 81
Processing Simulation Step 82
Processing Simulation Step 83
Processing Simulation Step 84
Processing Simulation Step 85
Processing Simulation Step 86
Processing Simulation Step 87
Processing Simulation Step 88
Processing Simulation Step 89
Processing Simulation Step 90
Processing Simulation Step 91
Processing Simulation Step 92
Processing Simulation Step 93
Processing Simulation Step 94
Processing Simulation Step 95
Processing Simulation Step 96
Processing Simulation Step 97
Processing Simulation Step 98
Processing Simulation Step 99
Processing Simulation Step 100
Total Processing time: 10.085664 (ms)
FLAMEGPU Console mode
Initial states: /home/vincentl/1.5.0/examples/GameOfLife1/iterations/0.xml
Output dir: /home/vincentl/1.5.0/examples/GameOfLife1/iterations/
GPU 0: Tesla V100-SXM2-16GB, SM70, Linux, pciBusId 26
64Bit System Detected
Allocating Host and Device memory
Processing Simulation Step 1
Processing Simulation Step 2
Processing Simulation Step 3
Processing Simulation Step 4
Processing Simulation Step 5
Processing Simulation Step 6
Processing Simulation Step 7
Processing Simulation Step 8
Processing Simulation Step 9
Processing Simulation Step 10
Processing Simulation Step 11
Processing Simulation Step 12
Processing Simulation Step 13
Processing Simulation Step 14
Processing Simulation Step 15
Processing Simulation Step 16
Processing Simulation Step 17
Processing Simulation Step 18
Processing Simulation Step 19
Processing Simulation Step 20
Processing Simulation Step 21
Processing Simulation Step 22
Processing Simulation Step 23
Processing Simulation Step 24
Processing Simulation Step 25
Processing Simulation Step 26
Processing Simulation Step 27
Processing Simulation Step 28
Processing Simulation Step 29
Processing Simulation Step 30
Processing Simulation Step 31
Processing Simulation Step 32
Processing Simulation Step 33
Processing Simulation Step 34
Processing Simulation Step 35
Processing Simulation Step 36
Processing Simulation Step 37
Processing Simulation Step 38
Processing Simulation Step 39
Processing Simulation Step 40
Processing Simulation Step 41
Processing Simulation Step 42
Processing Simulation Step 43
Processing Simulation Step 44
Processing Simulation Step 45
Processing Simulation Step 46
Processing Simulation Step 47
Processing Simulation Step 48
Processing Simulation Step 49
Processing Simulation Step 50
Processing Simulation Step 51
Processing Simulation Step 52
Processing Simulation Step 53
Processing Simulation Step 54
Processing Simulation Step 55
Processing Simulation Step 56
Processing Simulation Step 57
Processing Simulation Step 58
Processing Simulation Step 59
Processing Simulation Step 60
Processing Simulation Step 61
Processing Simulation Step 62
Processing Simulation Step 63
Processing Simulation Step 64
Processing Simulation Step 65
Processing Simulation Step 66
Processing Simulation Step 67
Processing Simulation Step 68
Processing Simulation Step 69
Processing Simulation Step 70
Processing Simulation Step 71
Processing Simulation Step 72
Processing Simulation Step 73
Processing Simulation Step 74
Processing Simulation Step 75
Processing Simulation Step 76
Processing Simulation Step 77
Processing Simulation Step 78
Processing Simulation Step 79
Processing Simulation Step 80
Processing Simulation Step 81
Processing Simulation Step 82
Processing Simulation Step 83
Processing Simulation Step 84
Processing Simulation Step 85
Processing Simulation Step 86
Processing Simulation Step 87
Processing Simulation Step 88
Processing Simulation Step 89
Processing Simulation Step 90
Processing Simulation Step 91
Processing Simulation Step 92
Processing Simulation Step 93
Processing Simulation Step 94
Processing Simulation Step 95
Processing Simulation Step 96
Processing Simulation Step 97
Processing Simulation Step 98
Processing Simulation Step 99
Processing Simulation Step 100
Total Processing time: 10.203904 (ms)
FLAMEGPU Console mode
Initial states: /home/vincentl/1.5.0/examples/GameOfLife1/iterations/0.xml
Output dir: /home/vincentl/1.5.0/examples/GameOfLife1/iterations/
GPU 0: Tesla V100-SXM2-16GB, SM70, Linux, pciBusId 26
64Bit System Detected
Allocating Host and Device memory
Processing Simulation Step 1
Processing Simulation Step 2
Processing Simulation Step 3
Processing Simulation Step 4
Processing Simulation Step 5
Processing Simulation Step 6
Processing Simulation Step 7
Processing Simulation Step 8
Processing Simulation Step 9
Processing Simulation Step 10
Processing Simulation Step 11
Processing Simulation Step 12
Processing Simulation Step 13
Processing Simulation Step 14
Processing Simulation Step 15
Processing Simulation Step 16
Processing Simulation Step 17
Processing Simulation Step 18
Processing Simulation Step 19
Processing Simulation Step 20
Processing Simulation Step 21
Processing Simulation Step 22
Processing Simulation Step 23
Processing Simulation Step 24
Processing Simulation Step 25
Processing Simulation Step 26
Processing Simulation Step 27
Processing Simulation Step 28
Processing Simulation Step 29
Processing Simulation Step 30
Processing Simulation Step 31
Processing Simulation Step 32
Processing Simulation Step 33
Processing Simulation Step 34
Processing Simulation Step 35
Processing Simulation Step 36
Processing Simulation Step 37
Processing Simulation Step 38
Processing Simulation Step 39
Processing Simulation Step 40
Processing Simulation Step 41
Processing Simulation Step 42
Processing Simulation Step 43
Processing Simulation Step 44
Processing Simulation Step 45
Processing Simulation Step 46
Processing Simulation Step 47
Processing Simulation Step 48
Processing Simulation Step 49
Processing Simulation Step 50
Processing Simulation Step 51
Processing Simulation Step 52
Processing Simulation Step 53
Processing Simulation Step 54
Processing Simulation Step 55
Processing Simulation Step 56
Processing Simulation Step 57
Processing Simulation Step 58
Processing Simulation Step 59
Processing Simulation Step 60
Processing Simulation Step 61
Processing Simulation Step 62
Processing Simulation Step 63
Processing Simulation Step 64
Processing Simulation Step 65
Processing Simulation Step 66
Processing Simulation Step 67
Processing Simulation Step 68
Processing Simulation Step 69
Processing Simulation Step 70
Processing Simulation Step 71
Processing Simulation Step 72
Processing Simulation Step 73
Processing Simulation Step 74
Processing Simulation Step 75
Processing Simulation Step 76
Processing Simulation Step 77
Processing Simulation Step 78
Processing Simulation Step 79
Processing Simulation Step 80
Processing Simulation Step 81
Processing Simulation Step 82
Processing Simulation Step 83
Processing Simulation Step 84
Processing Simulation Step 85
Processing Simulation Step 86
Processing Simulation Step 87
Processing Simulation Step 88
Processing Simulation Step 89
Processing Simulation Step 90
Processing Simulation Step 91
Processing Simulation Step 92
Processing Simulation Step 93
Processing Simulation Step 94
Processing Simulation Step 95
Processing Simulation Step 96
Processing Simulation Step 97
Processing Simulation Step 98
Processing Simulation Step 99
Processing Simulation Step 100
Total Processing time: 10.071520 (ms)
FLAMEGPU Console mode
Initial states: /home/vincentl/1.5.0/examples/GameOfLife1/iterations/0.xml
Output dir: /home/vincentl/1.5.0/examples/GameOfLife1/iterations/
GPU 0: Tesla V100-SXM2-16GB, SM70, Linux, pciBusId 26
64Bit System Detected
Allocating Host and Device memory
Processing Simulation Step 1
Processing Simulation Step 2
Processing Simulation Step 3
Processing Simulation Step 4
Processing Simulation Step 5
Processing Simulation Step 6
Processing Simulation Step 7
Processing Simulation Step 8
Processing Simulation Step 9
Processing Simulation Step 10
Processing Simulation Step 11
Processing Simulation Step 12
Processing Simulation Step 13
Processing Simulation Step 14
Processing Simulation Step 15
Processing Simulation Step 16
Processing Simulation Step 17
Processing Simulation Step 18
Processing Simulation Step 19
Processing Simulation Step 20
Processing Simulation Step 21
Processing Simulation Step 22
Processing Simulation Step 23
Processing Simulation Step 24
Processing Simulation Step 25
Processing Simulation Step 26
Processing Simulation Step 27
Processing Simulation Step 28
Processing Simulation Step 29
Processing Simulation Step 30
Processing Simulation Step 31
Processing Simulation Step 32
Processing Simulation Step 33
Processing Simulation Step 34
Processing Simulation Step 35
Processing Simulation Step 36
Processing Simulation Step 37
Processing Simulation Step 38
Processing Simulation Step 39
Processing Simulation Step 40
Processing Simulation Step 41
Processing Simulation Step 42
Processing Simulation Step 43
Processing Simulation Step 44
Processing Simulation Step 45
Processing Simulation Step 46
Processing Simulation Step 47
Processing Simulation Step 48
Processing Simulation Step 49
Processing Simulation Step 50
Processing Simulation Step 51
Processing Simulation Step 52
Processing Simulation Step 53
Processing Simulation Step 54
Processing Simulation Step 55
Processing Simulation Step 56
Processing Simulation Step 57
Processing Simulation Step 58
Processing Simulation Step 59
Processing Simulation Step 60
Processing Simulation Step 61
Processing Simulation Step 62
Processing Simulation Step 63
Processing Simulation Step 64
Processing Simulation Step 65
Processing Simulation Step 66
Processing Simulation Step 67
Processing Simulation Step 68
Processing Simulation Step 69
Processing Simulation Step 70
Processing Simulation Step 71
Processing Simulation Step 72
Processing Simulation Step 73
Processing Simulation Step 74
Processing Simulation Step 75
Processing Simulation Step 76
Processing Simulation Step 77
Processing Simulation Step 78
Processing Simulation Step 79
Processing Simulation Step 80
Processing Simulation Step 81
Processing Simulation Step 82
Processing Simulation Step 83
Processing Simulation Step 84
Processing Simulation Step 85
Processing Simulation Step 86
Processing Simulation Step 87
Processing Simulation Step 88
Processing Simulation Step 89
Processing Simulation Step 90
Processing Simulation Step 91
Processing Simulation Step 92
Processing Simulation Step 93
Processing Simulation Step 94
Processing Simulation Step 95
Processing Simulation Step 96
Processing Simulation Step 97
Processing Simulation Step 98
Processing Simulation Step 99
Processing Simulation Step 100
Total Processing time: 10.291200 (ms)
FLAMEGPU Console mode
Initial states: /home/vincentl/1.5.0/examples/GameOfLife1/iterations/0.xml
Output dir: /home/vincentl/1.5.0/examples/GameOfLife1/iterations/
GPU 0: Tesla V100-SXM2-16GB, SM70, Linux, pciBusId 26
64Bit System Detected
Allocating Host and Device memory
Processing Simulation Step 1
Processing Simulation Step 2
Processing Simulation Step 3
Processing Simulation Step 4
Processing Simulation Step 5
Processing Simulation Step 6
Processing Simulation Step 7
Processing Simulation Step 8
Processing Simulation Step 9
Processing Simulation Step 10
Processing Simulation Step 11
Processing Simulation Step 12
Processing Simulation Step 13
Processing Simulation Step 14
Processing Simulation Step 15
Processing Simulation Step 16
Processing Simulation Step 17
Processing Simulation Step 18
Processing Simulation Step 19
Processing Simulation Step 20
Processing Simulation Step 21
Processing Simulation Step 22
Processing Simulation Step 23
Processing Simulation Step 24
Processing Simulation Step 25
Processing Simulation Step 26
Processing Simulation Step 27
Processing Simulation Step 28
Processing Simulation Step 29
Processing Simulation Step 30
Processing Simulation Step 31
Processing Simulation Step 32
Processing Simulation Step 33
Processing Simulation Step 34
Processing Simulation Step 35
Processing Simulation Step 36
Processing Simulation Step 37
Processing Simulation Step 38
Processing Simulation Step 39
Processing Simulation Step 40
Processing Simulation Step 41
Processing Simulation Step 42
Processing Simulation Step 43
Processing Simulation Step 44
Processing Simulation Step 45
Processing Simulation Step 46
Processing Simulation Step 47
Processing Simulation Step 48
Processing Simulation Step 49
Processing Simulation Step 50
Processing Simulation Step 51
Processing Simulation Step 52
Processing Simulation Step 53
Processing Simulation Step 54
Processing Simulation Step 55
Processing Simulation Step 56
Processing Simulation Step 57
Processing Simulation Step 58
Processing Simulation Step 59
Processing Simulation Step 60
Processing Simulation Step 61
Processing Simulation Step 62
Processing Simulation Step 63
Processing Simulation Step 64
Processing Simulation Step 65
Processing Simulation Step 66
Processing Simulation Step 67
Processing Simulation Step 68
Processing Simulation Step 69
Processing Simulation Step 70
Processing Simulation Step 71
Processing Simulation Step 72
Processing Simulation Step 73
Processing Simulation Step 74
Processing Simulation Step 75
Processing Simulation Step 76
Processing Simulation Step 77
Processing Simulation Step 78
Processing Simulation Step 79
Processing Simulation Step 80
Processing Simulation Step 81
Processing Simulation Step 82
Processing Simulation Step 83
Processing Simulation Step 84
Processing Simulation Step 85
Processing Simulation Step 86
Processing Simulation Step 87
Processing Simulation Step 88
Processing Simulation Step 89
Processing Simulation Step 90
Processing Simulation Step 91
Processing Simulation Step 92
Processing Simulation Step 93
Processing Simulation Step 94
Processing Simulation Step 95
Processing Simulation Step 96
Processing Simulation Step 97
Processing Simulation Step 98
Processing Simulation Step 99
Processing Simulation Step 100
Total Processing time: 10.063776 (ms)
FLAMEGPU Console mode
Initial states: /home/vincentl/1.5.0/examples/GameOfLife1/iterations/0.xml
Output dir: /home/vincentl/1.5.0/examples/GameOfLife1/iterations/
GPU 0: Tesla V100-SXM2-16GB, SM70, Linux, pciBusId 26
64Bit System Detected
Allocating Host and Device memory
Processing Simulation Step 1
Processing Simulation Step 2
Processing Simulation Step 3
Processing Simulation Step 4
Processing Simulation Step 5
Processing Simulation Step 6
Processing Simulation Step 7
Processing Simulation Step 8
Processing Simulation Step 9
Processing Simulation Step 10
Processing Simulation Step 11
Processing Simulation Step 12
Processing Simulation Step 13
Processing Simulation Step 14
Processing Simulation Step 15
Processing Simulation Step 16
Processing Simulation Step 17
Processing Simulation Step 18
Processing Simulation Step 19
Processing Simulation Step 20
Processing Simulation Step 21
Processing Simulation Step 22
Processing Simulation Step 23
Processing Simulation Step 24
Processing Simulation Step 25
Processing Simulation Step 26
Processing Simulation Step 27
Processing Simulation Step 28
Processing Simulation Step 29
Processing Simulation Step 30
Processing Simulation Step 31
Processing Simulation Step 32
Processing Simulation Step 33
Processing Simulation Step 34
Processing Simulation Step 35
Processing Simulation Step 36
Processing Simulation Step 37
Processing Simulation Step 38
Processing Simulation Step 39
Processing Simulation Step 40
Processing Simulation Step 41
Processing Simulation Step 42
Processing Simulation Step 43
Processing Simulation Step 44
Processing Simulation Step 45
Processing Simulation Step 46
Processing Simulation Step 47
Processing Simulation Step 48
Processing Simulation Step 49
Processing Simulation Step 50
Processing Simulation Step 51
Processing Simulation Step 52
Processing Simulation Step 53
Processing Simulation Step 54
Processing Simulation Step 55
Processing Simulation Step 56
Processing Simulation Step 57
Processing Simulation Step 58
Processing Simulation Step 59
Processing Simulation Step 60
Processing Simulation Step 61
Processing Simulation Step 62
Processing Simulation Step 63
Processing Simulation Step 64
Processing Simulation Step 65
Processing Simulation Step 66
Processing Simulation Step 67
Processing Simulation Step 68
Processing Simulation Step 69
Processing Simulation Step 70
Processing Simulation Step 71
Processing Simulation Step 72
Processing Simulation Step 73
Processing Simulation Step 74
Processing Simulation Step 75
Processing Simulation Step 76
Processing Simulation Step 77
Processing Simulation Step 78
Processing Simulation Step 79
Processing Simulation Step 80
Processing Simulation Step 81
Processing Simulation Step 82
Processing Simulation Step 83
Processing Simulation Step 84
Processing Simulation Step 85
Processing Simulation Step 86
Processing Simulation Step 87
Processing Simulation Step 88
Processing Simulation Step 89
Processing Simulation Step 90
Processing Simulation Step 91
Processing Simulation Step 92
Processing Simulation Step 93
Processing Simulation Step 94
Processing Simulation Step 95
Processing Simulation Step 96
Processing Simulation Step 97
Processing Simulation Step 98
Processing Simulation Step 99
Processing Simulation Step 100
Total Processing time: 10.096384 (ms)
FLAMEGPU Console mode
Initial states: /home/vincentl/1.5.0/examples/GameOfLife1/iterations/0.xml
Output dir: /home/vincentl/1.5.0/examples/GameOfLife1/iterations/
GPU 0: Tesla V100-SXM2-16GB, SM70, Linux, pciBusId 26
64Bit System Detected
Allocating Host and Device memory
Processing Simulation Step 1
Processing Simulation Step 2
Processing Simulation Step 3
Processing Simulation Step 4
Processing Simulation Step 5
Processing Simulation Step 6
Processing Simulation Step 7
Processing Simulation Step 8
Processing Simulation Step 9
Processing Simulation Step 10
Processing Simulation Step 11
Processing Simulation Step 12
Processing Simulation Step 13
Processing Simulation Step 14
Processing Simulation Step 15
Processing Simulation Step 16
Processing Simulation Step 17
Processing Simulation Step 18
Processing Simulation Step 19
Processing Simulation Step 20
Processing Simulation Step 21
Processing Simulation Step 22
Processing Simulation Step 23
Processing Simulation Step 24
Processing Simulation Step 25
Processing Simulation Step 26
Processing Simulation Step 27
Processing Simulation Step 28
Processing Simulation Step 29
Processing Simulation Step 30
Processing Simulation Step 31
Processing Simulation Step 32
Processing Simulation Step 33
Processing Simulation Step 34
Processing Simulation Step 35
Processing Simulation Step 36
Processing Simulation Step 37
Processing Simulation Step 38
Processing Simulation Step 39
Processing Simulation Step 40
Processing Simulation Step 41
Processing Simulation Step 42
Processing Simulation Step 43
Processing Simulation Step 44
Processing Simulation Step 45
Processing Simulation Step 46
Processing Simulation Step 47
Processing Simulation Step 48
Processing Simulation Step 49
Processing Simulation Step 50
Processing Simulation Step 51
Processing Simulation Step 52
Processing Simulation Step 53
Processing Simulation Step 54
Processing Simulation Step 55
Processing Simulation Step 56
Processing Simulation Step 57
Processing Simulation Step 58
Processing Simulation Step 59
Processing Simulation Step 60
Processing Simulation Step 61
Processing Simulation Step 62
Processing Simulation Step 63
Processing Simulation Step 64
Processing Simulation Step 65
Processing Simulation Step 66
Processing Simulation Step 67
Processing Simulation Step 68
Processing Simulation Step 69
Processing Simulation Step 70
Processing Simulation Step 71
Processing Simulation Step 72
Processing Simulation Step 73
Processing Simulation Step 74
Processing Simulation Step 75
Processing Simulation Step 76
Processing Simulation Step 77
Processing Simulation Step 78
Processing Simulation Step 79
Processing Simulation Step 80
Processing Simulation Step 81
Processing Simulation Step 82
Processing Simulation Step 83
Processing Simulation Step 84
Processing Simulation Step 85
Processing Simulation Step 86
Processing Simulation Step 87
Processing Simulation Step 88
Processing Simulation Step 89
Processing Simulation Step 90
Processing Simulation Step 91
Processing Simulation Step 92
Processing Simulation Step 93
Processing Simulation Step 94
Processing Simulation Step 95
Processing Simulation Step 96
Processing Simulation Step 97
Processing Simulation Step 98
Processing Simulation Step 99
Processing Simulation Step 100
Total Processing time: 10.123328 (ms)
FLAMEGPU Console mode
Initial states: /home/vincentl/1.5.0/examples/GameOfLife1/iterations/0.xml
Output dir: /home/vincentl/1.5.0/examples/GameOfLife1/iterations/
GPU 0: Tesla V100-SXM2-16GB, SM70, Linux, pciBusId 26
64Bit System Detected
Allocating Host and Device memory
Processing Simulation Step 1
Processing Simulation Step 2
Processing Simulation Step 3
Processing Simulation Step 4
Processing Simulation Step 5
Processing Simulation Step 6
Processing Simulation Step 7
Processing Simulation Step 8
Processing Simulation Step 9
Processing Simulation Step 10
Processing Simulation Step 11
Processing Simulation Step 12
Processing Simulation Step 13
Processing Simulation Step 14
Processing Simulation Step 15
Processing Simulation Step 16
Processing Simulation Step 17
Processing Simulation Step 18
Processing Simulation Step 19
Processing Simulation Step 20
Processing Simulation Step 21
Processing Simulation Step 22
Processing Simulation Step 23
Processing Simulation Step 24
Processing Simulation Step 25
Processing Simulation Step 26
Processing Simulation Step 27
Processing Simulation Step 28
Processing Simulation Step 29
Processing Simulation Step 30
Processing Simulation Step 31
Processing Simulation Step 32
Processing Simulation Step 33
Processing Simulation Step 34
Processing Simulation Step 35
Processing Simulation Step 36
Processing Simulation Step 37
Processing Simulation Step 38
Processing Simulation Step 39
Processing Simulation Step 40
Processing Simulation Step 41
Processing Simulation Step 42
Processing Simulation Step 43
Processing Simulation Step 44
Processing Simulation Step 45
Processing Simulation Step 46
Processing Simulation Step 47
Processing Simulation Step 48
Processing Simulation Step 49
Processing Simulation Step 50
Processing Simulation Step 51
Processing Simulation Step 52
Processing Simulation Step 53
Processing Simulation Step 54
Processing Simulation Step 55
Processing Simulation Step 56
Processing Simulation Step 57
Processing Simulation Step 58
Processing Simulation Step 59
Processing Simulation Step 60
Processing Simulation Step 61
Processing Simulation Step 62
Processing Simulation Step 63
Processing Simulation Step 64
Processing Simulation Step 65
Processing Simulation Step 66
Processing Simulation Step 67
Processing Simulation Step 68
Processing Simulation Step 69
Processing Simulation Step 70
Processing Simulation Step 71
Processing Simulation Step 72
Processing Simulation Step 73
Processing Simulation Step 74
Processing Simulation Step 75
Processing Simulation Step 76
Processing Simulation Step 77
Processing Simulation Step 78
Processing Simulation Step 79
Processing Simulation Step 80
Processing Simulation Step 81
Processing Simulation Step 82
Processing Simulation Step 83
Processing Simulation Step 84
Processing Simulation Step 85
Processing Simulation Step 86
Processing Simulation Step 87
Processing Simulation Step 88
Processing Simulation Step 89
Processing Simulation Step 90
Processing Simulation Step 91
Processing Simulation Step 92
Processing Simulation Step 93
Processing Simulation Step 94
Processing Simulation Step 95
Processing Simulation Step 96
Processing Simulation Step 97
Processing Simulation Step 98
Processing Simulation Step 99
Processing Simulation Step 100
Total Processing time: 10.047456 (ms)
